INFO:__main__:Running: docker build -t gcr.io/oss-fuzz/zlib --file /home/han/CREATE/oss-fuzz/projects/zlib/Dockerfile /home/han/CREATE/oss-fuzz/projects/zlib.
Sending build context to Docker daemon  10.24kB
Step 1/6 : FROM gcr.io/oss-fuzz-base/base-builder
 ---> 6ff11d04f9d6
Step 2/6 : RUN apt-get update && apt-get install -y make autoconf automake libtool
 ---> Using cache
 ---> 61b8601fdc9c
Step 3/6 : RUN git clone --depth 1 -b develop https://github.com/madler/zlib.git
 ---> Using cache
 ---> c66678bc2a0d
Step 4/6 : WORKDIR zlib
 ---> Using cache
 ---> 6687664c7add
Step 5/6 : RUN sed -i '/deflate(z_streamp strm, int flush)/a  abort();' deflate.c   && echo "==== Confirm inserted abort() ===="   && grep -A5 'deflate(z_streamp strm, int flush)' deflate.c
 ---> Using cache
 ---> 9f99d2e9409f
Step 6/6 : COPY build.sh *_fuzzer.c* $SRC/
 ---> 8809b25f7dd3
Successfully built 8809b25f7dd3
Successfully tagged gcr.io/oss-fuzz/zlib:latest
INFO:__main__:Keeping existing build artifacts as-is (if any).
INFO:__main__:Running: docker run --privileged --shm-size=2g --platform linux/amd64 --rm -i -e FUZZING_ENGINE=libfuzzer -e SANITIZER=address -e ARCHITECTURE=x86_64 -e PROJECT_NAME=zlib -e HELPER=True -e FUZZING_LANGUAGE=c++ -v /home/han/CREATE/oss-fuzz/build/out/zlib/:/out -v /home/han/CREATE/oss-fuzz/build/work/zlib:/work -t gcr.io/oss-fuzz/zlib.
---------------------------------------------------------------
vm.mmap_rnd_bits = 28
Compiling libFuzzer to /usr/lib/libFuzzingEngine.a...  done.
---------------------------------------------------------------
CC=clang
CXX=clang++
CFLAGS=-O1   -fno-omit-frame-pointer   -gline-tables-only   -Wno-error=enum-constexpr-conversion   -Wno-error=incompatible-function-pointer-types   -Wno-error=int-conversion   -Wno-error=deprecated-declarations   -Wno-error=implicit-function-declaration   -Wno-error=implicit-int   -Wno-error=vla-cxx-extension   -DFUZZING_BUILD_MODE_UNSAFE_FOR_PRODUCTION -fsanitize=address -fsanitize-address-use-after-scope -fsanitize=fuzzer-no-link
CXXFLAGS=-O1   -fno-omit-frame-pointer   -gline-tables-only   -Wno-error=enum-constexpr-conversion   -Wno-error=incompatible-function-pointer-types   -Wno-error=int-conversion   -Wno-error=deprecated-declarations   -Wno-error=implicit-function-declaration   -Wno-error=implicit-int   -Wno-error=vla-cxx-extension   -DFUZZING_BUILD_MODE_UNSAFE_FOR_PRODUCTION -fsanitize=address -fsanitize-address-use-after-scope -fsanitize=fuzzer-no-link -stdlib=libc++
RUSTFLAGS=--cfg fuzzing -Zsanitizer=address -Cdebuginfo=1 -Cforce-frame-pointers
---------------------------------------------------------------
+ cd /src/zlib
+ ./configure
Illegal option -s
Usage: /usr/bin/which [-a] args
Deactivating cover as no suitable gcov can be found
Checking for shared library support...
Building shared library libz.so.1.3.1.1-motley with clang.
Checking for size_t... Yes.
Checking for off64_t... Yes.
Checking for fseeko... Yes.
Checking for strerror... Yes.
Checking for unistd.h... Yes.
Checking for stdarg.h... Yes.
Checking whether to use vs[n]printf() or s[n]printf()... using vs[n]printf().
Checking for vsnprintf() in stdio.h... Yes.
Checking for return value of vsnprintf()... Yes.
Checking for attribute(visibility) support... Yes.
++ nproc
+ make -j40
clang -O1   -fno-omit-frame-pointer   -gline-tables-only   -Wno-error=enum-constexpr-conversion   -Wno-error=incompatible-function-pointer-types   -Wno-error=int-conversion   -Wno-error=deprecated-declarations   -Wno-error=implicit-function-declaration   -Wno-error=implicit-int   -Wno-error=vla-cxx-extension   -DFUZZING_BUILD_MODE_UNSAFE_FOR_PRODUCTION -fsanitize=address -fsanitize-address-use-after-scope -fsanitize=fuzzer-no-link -fPIC -D_LARGEFILE64_SOURCE=1 -DHAVE_HIDDEN -I. -c -o example.o test/example.c
clang -O1   -fno-omit-frame-pointer   -gline-tables-only   -Wno-error=enum-constexpr-conversion   -Wno-error=incompatible-function-pointer-types   -Wno-error=int-conversion   -Wno-error=deprecated-declarations   -Wno-error=implicit-function-declaration   -Wno-error=implicit-int   -Wno-error=vla-cxx-extension   -DFUZZING_BUILD_MODE_UNSAFE_FOR_PRODUCTION -fsanitize=address -fsanitize-address-use-after-scope -fsanitize=fuzzer-no-link -fPIC -D_LARGEFILE64_SOURCE=1 -DHAVE_HIDDEN  -c -o adler32.o adler32.c
clang -O1   -fno-omit-frame-pointer   -gline-tables-only   -Wno-error=enum-constexpr-conversion   -Wno-error=incompatible-function-pointer-types   -Wno-error=int-conversion   -Wno-error=deprecated-declarations   -Wno-error=implicit-function-declaration   -Wno-error=implicit-int   -Wno-error=vla-cxx-extension   -DFUZZING_BUILD_MODE_UNSAFE_FOR_PRODUCTION -fsanitize=address -fsanitize-address-use-after-scope -fsanitize=fuzzer-no-link -fPIC -D_LARGEFILE64_SOURCE=1 -DHAVE_HIDDEN  -c -o crc32.o crc32.c
clang -O1   -fno-omit-frame-pointer   -gline-tables-only   -Wno-error=enum-constexpr-conversion   -Wno-error=incompatible-function-pointer-types   -Wno-error=int-conversion   -Wno-error=deprecated-declarations   -Wno-error=implicit-function-declaration   -Wno-error=implicit-int   -Wno-error=vla-cxx-extension   -DFUZZING_BUILD_MODE_UNSAFE_FOR_PRODUCTION -fsanitize=address -fsanitize-address-use-after-scope -fsanitize=fuzzer-no-link -fPIC -D_LARGEFILE64_SOURCE=1 -DHAVE_HIDDEN  -c -o deflate.o deflate.c
clang -O1   -fno-omit-frame-pointer   -gline-tables-only   -Wno-error=enum-constexpr-conversion   -Wno-error=incompatible-function-pointer-types   -Wno-error=int-conversion   -Wno-error=deprecated-declarations   -Wno-error=implicit-function-declaration   -Wno-error=implicit-int   -Wno-error=vla-cxx-extension   -DFUZZING_BUILD_MODE_UNSAFE_FOR_PRODUCTION -fsanitize=address -fsanitize-address-use-after-scope -fsanitize=fuzzer-no-link -fPIC -D_LARGEFILE64_SOURCE=1 -DHAVE_HIDDEN  -c -o infback.o infback.c
clang -O1   -fno-omit-frame-pointer   -gline-tables-only   -Wno-error=enum-constexpr-conversion   -Wno-error=incompatible-function-pointer-types   -Wno-error=int-conversion   -Wno-error=deprecated-declarations   -Wno-error=implicit-function-declaration   -Wno-error=implicit-int   -Wno-error=vla-cxx-extension   -DFUZZING_BUILD_MODE_UNSAFE_FOR_PRODUCTION -fsanitize=address -fsanitize-address-use-after-scope -fsanitize=fuzzer-no-link -fPIC -D_LARGEFILE64_SOURCE=1 -DHAVE_HIDDEN  -c -o inffast.o inffast.c
clang -O1   -fno-omit-frame-pointer   -gline-tables-only   -Wno-error=enum-constexpr-conversion   -Wno-error=incompatible-function-pointer-types   -Wno-error=int-conversion   -Wno-error=deprecated-declarations   -Wno-error=implicit-function-declaration   -Wno-error=implicit-int   -Wno-error=vla-cxx-extension   -DFUZZING_BUILD_MODE_UNSAFE_FOR_PRODUCTION -fsanitize=address -fsanitize-address-use-after-scope -fsanitize=fuzzer-no-link -fPIC -D_LARGEFILE64_SOURCE=1 -DHAVE_HIDDEN  -c -o inflate.o inflate.c
clang -O1   -fno-omit-frame-pointer   -gline-tables-only   -Wno-error=enum-constexpr-conversion   -Wno-error=incompatible-function-pointer-types   -Wno-error=int-conversion   -Wno-error=deprecated-declarations   -Wno-error=implicit-function-declaration   -Wno-error=implicit-int   -Wno-error=vla-cxx-extension   -DFUZZING_BUILD_MODE_UNSAFE_FOR_PRODUCTION -fsanitize=address -fsanitize-address-use-after-scope -fsanitize=fuzzer-no-link -fPIC -D_LARGEFILE64_SOURCE=1 -DHAVE_HIDDEN  -c -o inftrees.o inftrees.c
clang -O1   -fno-omit-frame-pointer   -gline-tables-only   -Wno-error=enum-constexpr-conversion   -Wno-error=incompatible-function-pointer-types   -Wno-error=int-conversion   -Wno-error=deprecated-declarations   -Wno-error=implicit-function-declaration   -Wno-error=implicit-int   -Wno-error=vla-cxx-extension   -DFUZZING_BUILD_MODE_UNSAFE_FOR_PRODUCTION -fsanitize=address -fsanitize-address-use-after-scope -fsanitize=fuzzer-no-link -fPIC -D_LARGEFILE64_SOURCE=1 -DHAVE_HIDDEN  -c -o trees.o trees.c
clang -O1   -fno-omit-frame-pointer   -gline-tables-only   -Wno-error=enum-constexpr-conversion   -Wno-error=incompatible-function-pointer-types   -Wno-error=int-conversion   -Wno-error=deprecated-declarations   -Wno-error=implicit-function-declaration   -Wno-error=implicit-int   -Wno-error=vla-cxx-extension   -DFUZZING_BUILD_MODE_UNSAFE_FOR_PRODUCTION -fsanitize=address -fsanitize-address-use-after-scope -fsanitize=fuzzer-no-link -fPIC -D_LARGEFILE64_SOURCE=1 -DHAVE_HIDDEN  -c -o zutil.o zutil.c
clang -O1   -fno-omit-frame-pointer   -gline-tables-only   -Wno-error=enum-constexpr-conversion   -Wno-error=incompatible-function-pointer-types   -Wno-error=int-conversion   -Wno-error=deprecated-declarations   -Wno-error=implicit-function-declaration   -Wno-error=implicit-int   -Wno-error=vla-cxx-extension   -DFUZZING_BUILD_MODE_UNSAFE_FOR_PRODUCTION -fsanitize=address -fsanitize-address-use-after-scope -fsanitize=fuzzer-no-link -fPIC -D_LARGEFILE64_SOURCE=1 -DHAVE_HIDDEN  -c -o compress.o compress.c
clang -O1   -fno-omit-frame-pointer   -gline-tables-only   -Wno-error=enum-constexpr-conversion   -Wno-error=incompatible-function-pointer-types   -Wno-error=int-conversion   -Wno-error=deprecated-declarations   -Wno-error=implicit-function-declaration   -Wno-error=implicit-int   -Wno-error=vla-cxx-extension   -DFUZZING_BUILD_MODE_UNSAFE_FOR_PRODUCTION -fsanitize=address -fsanitize-address-use-after-scope -fsanitize=fuzzer-no-link -fPIC -D_LARGEFILE64_SOURCE=1 -DHAVE_HIDDEN  -c -o uncompr.o uncompr.c
clang -O1   -fno-omit-frame-pointer   -gline-tables-only   -Wno-error=enum-constexpr-conversion   -Wno-error=incompatible-function-pointer-types   -Wno-error=int-conversion   -Wno-error=deprecated-declarations   -Wno-error=implicit-function-declaration   -Wno-error=implicit-int   -Wno-error=vla-cxx-extension   -DFUZZING_BUILD_MODE_UNSAFE_FOR_PRODUCTION -fsanitize=address -fsanitize-address-use-after-scope -fsanitize=fuzzer-no-link -fPIC -D_LARGEFILE64_SOURCE=1 -DHAVE_HIDDEN  -c -o gzclose.o gzclose.c
clang -O1   -fno-omit-frame-pointer   -gline-tables-only   -Wno-error=enum-constexpr-conversion   -Wno-error=incompatible-function-pointer-types   -Wno-error=int-conversion   -Wno-error=deprecated-declarations   -Wno-error=implicit-function-declaration   -Wno-error=implicit-int   -Wno-error=vla-cxx-extension   -DFUZZING_BUILD_MODE_UNSAFE_FOR_PRODUCTION -fsanitize=address -fsanitize-address-use-after-scope -fsanitize=fuzzer-no-link -fPIC -D_LARGEFILE64_SOURCE=1 -DHAVE_HIDDEN  -c -o gzlib.o gzlib.c
clang -O1   -fno-omit-frame-pointer   -gline-tables-only   -Wno-error=enum-constexpr-conversion   -Wno-error=incompatible-function-pointer-types   -Wno-error=int-conversion   -Wno-error=deprecated-declarations   -Wno-error=implicit-function-declaration   -Wno-error=implicit-int   -Wno-error=vla-cxx-extension   -DFUZZING_BUILD_MODE_UNSAFE_FOR_PRODUCTION -fsanitize=address -fsanitize-address-use-after-scope -fsanitize=fuzzer-no-link -fPIC -D_LARGEFILE64_SOURCE=1 -DHAVE_HIDDEN  -c -o gzread.o gzread.c
clang -O1   -fno-omit-frame-pointer   -gline-tables-only   -Wno-error=enum-constexpr-conversion   -Wno-error=incompatible-function-pointer-types   -Wno-error=int-conversion   -Wno-error=deprecated-declarations   -Wno-error=implicit-function-declaration   -Wno-error=implicit-int   -Wno-error=vla-cxx-extension   -DFUZZING_BUILD_MODE_UNSAFE_FOR_PRODUCTION -fsanitize=address -fsanitize-address-use-after-scope -fsanitize=fuzzer-no-link -fPIC -D_LARGEFILE64_SOURCE=1 -DHAVE_HIDDEN  -c -o gzwrite.o gzwrite.c
clang -O1   -fno-omit-frame-pointer   -gline-tables-only   -Wno-error=enum-constexpr-conversion   -Wno-error=incompatible-function-pointer-types   -Wno-error=int-conversion   -Wno-error=deprecated-declarations   -Wno-error=implicit-function-declaration   -Wno-error=implicit-int   -Wno-error=vla-cxx-extension   -DFUZZING_BUILD_MODE_UNSAFE_FOR_PRODUCTION -fsanitize=address -fsanitize-address-use-after-scope -fsanitize=fuzzer-no-link -fPIC -D_LARGEFILE64_SOURCE=1 -DHAVE_HIDDEN -I. -c -o minigzip.o test/minigzip.c
clang -O1   -fno-omit-frame-pointer   -gline-tables-only   -Wno-error=enum-constexpr-conversion   -Wno-error=incompatible-function-pointer-types   -Wno-error=int-conversion   -Wno-error=deprecated-declarations   -Wno-error=implicit-function-declaration   -Wno-error=implicit-int   -Wno-error=vla-cxx-extension   -DFUZZING_BUILD_MODE_UNSAFE_FOR_PRODUCTION -fsanitize=address -fsanitize-address-use-after-scope -fsanitize=fuzzer-no-link -fPIC -D_LARGEFILE64_SOURCE=1 -DHAVE_HIDDEN  -DPIC -c -o objs/adler32.o adler32.c
clang -O1   -fno-omit-frame-pointer   -gline-tables-only   -Wno-error=enum-constexpr-conversion   -Wno-error=incompatible-function-pointer-types   -Wno-error=int-conversion   -Wno-error=deprecated-declarations   -Wno-error=implicit-function-declaration   -Wno-error=implicit-int   -Wno-error=vla-cxx-extension   -DFUZZING_BUILD_MODE_UNSAFE_FOR_PRODUCTION -fsanitize=address -fsanitize-address-use-after-scope -fsanitize=fuzzer-no-link -fPIC -D_LARGEFILE64_SOURCE=1 -DHAVE_HIDDEN  -DPIC -c -o objs/crc32.o crc32.c
clang -O1   -fno-omit-frame-pointer   -gline-tables-only   -Wno-error=enum-constexpr-conversion   -Wno-error=incompatible-function-pointer-types   -Wno-error=int-conversion   -Wno-error=deprecated-declarations   -Wno-error=implicit-function-declaration   -Wno-error=implicit-int   -Wno-error=vla-cxx-extension   -DFUZZING_BUILD_MODE_UNSAFE_FOR_PRODUCTION -fsanitize=address -fsanitize-address-use-after-scope -fsanitize=fuzzer-no-link -fPIC -D_LARGEFILE64_SOURCE=1 -DHAVE_HIDDEN  -DPIC -c -o objs/deflate.o deflate.c
clang -O1   -fno-omit-frame-pointer   -gline-tables-only   -Wno-error=enum-constexpr-conversion   -Wno-error=incompatible-function-pointer-types   -Wno-error=int-conversion   -Wno-error=deprecated-declarations   -Wno-error=implicit-function-declaration   -Wno-error=implicit-int   -Wno-error=vla-cxx-extension   -DFUZZING_BUILD_MODE_UNSAFE_FOR_PRODUCTION -fsanitize=address -fsanitize-address-use-after-scope -fsanitize=fuzzer-no-link -fPIC -D_LARGEFILE64_SOURCE=1 -DHAVE_HIDDEN  -DPIC -c -o objs/infback.o infback.c
clang -O1   -fno-omit-frame-pointer   -gline-tables-only   -Wno-error=enum-constexpr-conversion   -Wno-error=incompatible-function-pointer-types   -Wno-error=int-conversion   -Wno-error=deprecated-declarations   -Wno-error=implicit-function-declaration   -Wno-error=implicit-int   -Wno-error=vla-cxx-extension   -DFUZZING_BUILD_MODE_UNSAFE_FOR_PRODUCTION -fsanitize=address -fsanitize-address-use-after-scope -fsanitize=fuzzer-no-link -fPIC -D_LARGEFILE64_SOURCE=1 -DHAVE_HIDDEN  -DPIC -c -o objs/inffast.o inffast.c
clang -O1   -fno-omit-frame-pointer   -gline-tables-only   -Wno-error=enum-constexpr-conversion   -Wno-error=incompatible-function-pointer-types   -Wno-error=int-conversion   -Wno-error=deprecated-declarations   -Wno-error=implicit-function-declaration   -Wno-error=implicit-int   -Wno-error=vla-cxx-extension   -DFUZZING_BUILD_MODE_UNSAFE_FOR_PRODUCTION -fsanitize=address -fsanitize-address-use-after-scope -fsanitize=fuzzer-no-link -fPIC -D_LARGEFILE64_SOURCE=1 -DHAVE_HIDDEN  -DPIC -c -o objs/inflate.o inflate.c
clang -O1   -fno-omit-frame-pointer   -gline-tables-only   -Wno-error=enum-constexpr-conversion   -Wno-error=incompatible-function-pointer-types   -Wno-error=int-conversion   -Wno-error=deprecated-declarations   -Wno-error=implicit-function-declaration   -Wno-error=implicit-int   -Wno-error=vla-cxx-extension   -DFUZZING_BUILD_MODE_UNSAFE_FOR_PRODUCTION -fsanitize=address -fsanitize-address-use-after-scope -fsanitize=fuzzer-no-link -fPIC -D_LARGEFILE64_SOURCE=1 -DHAVE_HIDDEN  -DPIC -c -o objs/inftrees.o inftrees.c
clang -O1   -fno-omit-frame-pointer   -gline-tables-only   -Wno-error=enum-constexpr-conversion   -Wno-error=incompatible-function-pointer-types   -Wno-error=int-conversion   -Wno-error=deprecated-declarations   -Wno-error=implicit-function-declaration   -Wno-error=implicit-int   -Wno-error=vla-cxx-extension   -DFUZZING_BUILD_MODE_UNSAFE_FOR_PRODUCTION -fsanitize=address -fsanitize-address-use-after-scope -fsanitize=fuzzer-no-link -fPIC -D_LARGEFILE64_SOURCE=1 -DHAVE_HIDDEN  -DPIC -c -o objs/trees.o trees.c
clang -O1   -fno-omit-frame-pointer   -gline-tables-only   -Wno-error=enum-constexpr-conversion   -Wno-error=incompatible-function-pointer-types   -Wno-error=int-conversion   -Wno-error=deprecated-declarations   -Wno-error=implicit-function-declaration   -Wno-error=implicit-int   -Wno-error=vla-cxx-extension   -DFUZZING_BUILD_MODE_UNSAFE_FOR_PRODUCTION -fsanitize=address -fsanitize-address-use-after-scope -fsanitize=fuzzer-no-link -fPIC -D_LARGEFILE64_SOURCE=1 -DHAVE_HIDDEN  -DPIC -c -o objs/zutil.o zutil.c
clang -O1   -fno-omit-frame-pointer   -gline-tables-only   -Wno-error=enum-constexpr-conversion   -Wno-error=incompatible-function-pointer-types   -Wno-error=int-conversion   -Wno-error=deprecated-declarations   -Wno-error=implicit-function-declaration   -Wno-error=implicit-int   -Wno-error=vla-cxx-extension   -DFUZZING_BUILD_MODE_UNSAFE_FOR_PRODUCTION -fsanitize=address -fsanitize-address-use-after-scope -fsanitize=fuzzer-no-link -fPIC -D_LARGEFILE64_SOURCE=1 -DHAVE_HIDDEN  -DPIC -c -o objs/compress.o compress.c
clang -O1   -fno-omit-frame-pointer   -gline-tables-only   -Wno-error=enum-constexpr-conversion   -Wno-error=incompatible-function-pointer-types   -Wno-error=int-conversion   -Wno-error=deprecated-declarations   -Wno-error=implicit-function-declaration   -Wno-error=implicit-int   -Wno-error=vla-cxx-extension   -DFUZZING_BUILD_MODE_UNSAFE_FOR_PRODUCTION -fsanitize=address -fsanitize-address-use-after-scope -fsanitize=fuzzer-no-link -fPIC -D_LARGEFILE64_SOURCE=1 -DHAVE_HIDDEN  -DPIC -c -o objs/uncompr.o uncompr.c
clang -O1   -fno-omit-frame-pointer   -gline-tables-only   -Wno-error=enum-constexpr-conversion   -Wno-error=incompatible-function-pointer-types   -Wno-error=int-conversion   -Wno-error=deprecated-declarations   -Wno-error=implicit-function-declaration   -Wno-error=implicit-int   -Wno-error=vla-cxx-extension   -DFUZZING_BUILD_MODE_UNSAFE_FOR_PRODUCTION -fsanitize=address -fsanitize-address-use-after-scope -fsanitize=fuzzer-no-link -fPIC -D_LARGEFILE64_SOURCE=1 -DHAVE_HIDDEN  -DPIC -c -o objs/gzclose.o gzclose.c
clang -O1   -fno-omit-frame-pointer   -gline-tables-only   -Wno-error=enum-constexpr-conversion   -Wno-error=incompatible-function-pointer-types   -Wno-error=int-conversion   -Wno-error=deprecated-declarations   -Wno-error=implicit-function-declaration   -Wno-error=implicit-int   -Wno-error=vla-cxx-extension   -DFUZZING_BUILD_MODE_UNSAFE_FOR_PRODUCTION -fsanitize=address -fsanitize-address-use-after-scope -fsanitize=fuzzer-no-link -fPIC -D_LARGEFILE64_SOURCE=1 -DHAVE_HIDDEN -I. -D_FILE_OFFSET_BITS=64 -c -o example64.o test/example.c
clang -O1   -fno-omit-frame-pointer   -gline-tables-only   -Wno-error=enum-constexpr-conversion   -Wno-error=incompatible-function-pointer-types   -Wno-error=int-conversion   -Wno-error=deprecated-declarations   -Wno-error=implicit-function-declaration   -Wno-error=implicit-int   -Wno-error=vla-cxx-extension   -DFUZZING_BUILD_MODE_UNSAFE_FOR_PRODUCTION -fsanitize=address -fsanitize-address-use-after-scope -fsanitize=fuzzer-no-link -fPIC -D_LARGEFILE64_SOURCE=1 -DHAVE_HIDDEN -I. -D_FILE_OFFSET_BITS=64 -c -o minigzip64.o test/minigzip.c
clang -O1   -fno-omit-frame-pointer   -gline-tables-only   -Wno-error=enum-constexpr-conversion   -Wno-error=incompatible-function-pointer-types   -Wno-error=int-conversion   -Wno-error=deprecated-declarations   -Wno-error=implicit-function-declaration   -Wno-error=implicit-int   -Wno-error=vla-cxx-extension   -DFUZZING_BUILD_MODE_UNSAFE_FOR_PRODUCTION -fsanitize=address -fsanitize-address-use-after-scope -fsanitize=fuzzer-no-link -fPIC -D_LARGEFILE64_SOURCE=1 -DHAVE_HIDDEN  -DPIC -c -o objs/gzread.o gzread.c
clang -O1   -fno-omit-frame-pointer   -gline-tables-only   -Wno-error=enum-constexpr-conversion   -Wno-error=incompatible-function-pointer-types   -Wno-error=int-conversion   -Wno-error=deprecated-declarations   -Wno-error=implicit-function-declaration   -Wno-error=implicit-int   -Wno-error=vla-cxx-extension   -DFUZZING_BUILD_MODE_UNSAFE_FOR_PRODUCTION -fsanitize=address -fsanitize-address-use-after-scope -fsanitize=fuzzer-no-link -fPIC -D_LARGEFILE64_SOURCE=1 -DHAVE_HIDDEN  -DPIC -c -o objs/gzlib.o gzlib.c
clang -O1   -fno-omit-frame-pointer   -gline-tables-only   -Wno-error=enum-constexpr-conversion   -Wno-error=incompatible-function-pointer-types   -Wno-error=int-conversion   -Wno-error=deprecated-declarations   -Wno-error=implicit-function-declaration   -Wno-error=implicit-int   -Wno-error=vla-cxx-extension   -DFUZZING_BUILD_MODE_UNSAFE_FOR_PRODUCTION -fsanitize=address -fsanitize-address-use-after-scope -fsanitize=fuzzer-no-link -fPIC -D_LARGEFILE64_SOURCE=1 -DHAVE_HIDDEN  -DPIC -c -o objs/gzwrite.o gzwrite.c
ar rc libz.a adler32.o crc32.o deflate.o infback.o inffast.o inflate.o inftrees.o trees.o zutil.o compress.o uncompr.o gzclose.o gzlib.o gzread.o gzwrite.o 
clang -O1   -fno-omit-frame-pointer   -gline-tables-only   -Wno-error=enum-constexpr-conversion   -Wno-error=incompatible-function-pointer-types   -Wno-error=int-conversion   -Wno-error=deprecated-declarations   -Wno-error=implicit-function-declaration   -Wno-error=implicit-int   -Wno-error=vla-cxx-extension   -DFUZZING_BUILD_MODE_UNSAFE_FOR_PRODUCTION -fsanitize=address -fsanitize-address-use-after-scope -fsanitize=fuzzer-no-link -fPIC -D_LARGEFILE64_SOURCE=1 -DHAVE_HIDDEN  -o example example.o -L. libz.a
clang -O1   -fno-omit-frame-pointer   -gline-tables-only   -Wno-error=enum-constexpr-conversion   -Wno-error=incompatible-function-pointer-types   -Wno-error=int-conversion   -Wno-error=deprecated-declarations   -Wno-error=implicit-function-declaration   -Wno-error=implicit-int   -Wno-error=vla-cxx-extension   -DFUZZING_BUILD_MODE_UNSAFE_FOR_PRODUCTION -fsanitize=address -fsanitize-address-use-after-scope -fsanitize=fuzzer-no-link -fPIC -D_LARGEFILE64_SOURCE=1 -DHAVE_HIDDEN  -o minigzip minigzip.o -L. libz.a
clang -O1   -fno-omit-frame-pointer   -gline-tables-only   -Wno-error=enum-constexpr-conversion   -Wno-error=incompatible-function-pointer-types   -Wno-error=int-conversion   -Wno-error=deprecated-declarations   -Wno-error=implicit-function-declaration   -Wno-error=implicit-int   -Wno-error=vla-cxx-extension   -DFUZZING_BUILD_MODE_UNSAFE_FOR_PRODUCTION -fsanitize=address -fsanitize-address-use-after-scope -fsanitize=fuzzer-no-link -fPIC -D_LARGEFILE64_SOURCE=1 -DHAVE_HIDDEN  -o example64 example64.o -L. libz.a
clang -O1   -fno-omit-frame-pointer   -gline-tables-only   -Wno-error=enum-constexpr-conversion   -Wno-error=incompatible-function-pointer-types   -Wno-error=int-conversion   -Wno-error=deprecated-declarations   -Wno-error=implicit-function-declaration   -Wno-error=implicit-int   -Wno-error=vla-cxx-extension   -DFUZZING_BUILD_MODE_UNSAFE_FOR_PRODUCTION -fsanitize=address -fsanitize-address-use-after-scope -fsanitize=fuzzer-no-link -fPIC -D_LARGEFILE64_SOURCE=1 -DHAVE_HIDDEN  -o minigzip64 minigzip64.o -L. libz.a
clang -shared -Wl,-soname,libz.so.1,--version-script,zlib.map -O1   -fno-omit-frame-pointer   -gline-tables-only   -Wno-error=enum-constexpr-conversion   -Wno-error=incompatible-function-pointer-types   -Wno-error=int-conversion   -Wno-error=deprecated-declarations   -Wno-error=implicit-function-declaration   -Wno-error=implicit-int   -Wno-error=vla-cxx-extension   -DFUZZING_BUILD_MODE_UNSAFE_FOR_PRODUCTION -fsanitize=address -fsanitize-address-use-after-scope -fsanitize=fuzzer-no-link -fPIC -D_LARGEFILE64_SOURCE=1 -DHAVE_HIDDEN -o libz.so.1.3.1.1-motley adler32.lo crc32.lo deflate.lo infback.lo inffast.lo inflate.lo inftrees.lo trees.lo zutil.lo compress.lo uncompr.lo gzclose.lo gzlib.lo gzread.lo gzwrite.lo  -lc 
rm -f libz.so libz.so.1
ln -s libz.so.1.3.1.1-motley libz.so
ln -s libz.so.1.3.1.1-motley libz.so.1
clang -O1   -fno-omit-frame-pointer   -gline-tables-only   -Wno-error=enum-constexpr-conversion   -Wno-error=incompatible-function-pointer-types   -Wno-error=int-conversion   -Wno-error=deprecated-declarations   -Wno-error=implicit-function-declaration   -Wno-error=implicit-int   -Wno-error=vla-cxx-extension   -DFUZZING_BUILD_MODE_UNSAFE_FOR_PRODUCTION -fsanitize=address -fsanitize-address-use-after-scope -fsanitize=fuzzer-no-link -fPIC -D_LARGEFILE64_SOURCE=1 -DHAVE_HIDDEN -o examplesh example.o  -L. libz.so.1.3.1.1-motley
clang -O1   -fno-omit-frame-pointer   -gline-tables-only   -Wno-error=enum-constexpr-conversion   -Wno-error=incompatible-function-pointer-types   -Wno-error=int-conversion   -Wno-error=deprecated-declarations   -Wno-error=implicit-function-declaration   -Wno-error=implicit-int   -Wno-error=vla-cxx-extension   -DFUZZING_BUILD_MODE_UNSAFE_FOR_PRODUCTION -fsanitize=address -fsanitize-address-use-after-scope -fsanitize=fuzzer-no-link -fPIC -D_LARGEFILE64_SOURCE=1 -DHAVE_HIDDEN -o minigzipsh minigzip.o  -L. libz.so.1.3.1.1-motley
++ find /src -name '*_fuzzer.c'
+ for f in $(find $SRC -name '*_fuzzer.c')
++ basename -s .c /src/compress_fuzzer.c
+ b=compress_fuzzer
+ clang -O1 -fno-omit-frame-pointer -gline-tables-only -Wno-error=enum-constexpr-conversion -Wno-error=incompatible-function-pointer-types -Wno-error=int-conversion -Wno-error=deprecated-declarations -Wno-error=implicit-function-declaration -Wno-error=implicit-int -Wno-error=vla-cxx-extension -DFUZZING_BUILD_MODE_UNSAFE_FOR_PRODUCTION -fsanitize=address -fsanitize-address-use-after-scope -fsanitize=fuzzer-no-link -I. /src/compress_fuzzer.c -c -o /tmp/compress_fuzzer.o
+ clang++ -O1 -fno-omit-frame-pointer -gline-tables-only -Wno-error=enum-constexpr-conversion -Wno-error=incompatible-function-pointer-types -Wno-error=int-conversion -Wno-error=deprecated-declarations -Wno-error=implicit-function-declaration -Wno-error=implicit-int -Wno-error=vla-cxx-extension -DFUZZING_BUILD_MODE_UNSAFE_FOR_PRODUCTION -fsanitize=address -fsanitize-address-use-after-scope -fsanitize=fuzzer-no-link -stdlib=libc++ -o /out/compress_fuzzer /tmp/compress_fuzzer.o -stdlib=libc++ -fsanitize=fuzzer ./libz.a
+ rm -f /tmp/compress_fuzzer.o
+ ln -sf /out/seed_corpus.zip /out/compress_fuzzer_seed_corpus.zip
+ zip /out/seed_corpus.zip BUILD.bazel CMakeLists.txt MODULE.bazel Makefile.in README-cmake.md adler32.c adler32.lo adler32.o compress.c compress.lo compress.o configure.log crc32.c crc32.h crc32.lo crc32.o deflate.c deflate.h deflate.lo deflate.o example.o example64.o gzclose.c gzclose.lo gzclose.o gzguts.h gzlib.c gzlib.lo gzlib.o gzread.c gzread.lo gzread.o gzwrite.c gzwrite.lo gzwrite.o infback.c infback.lo infback.o inffast.c inffast.h inffast.lo inffast.o inffixed.h inflate.c inflate.h inflate.lo inflate.o inftrees.c inftrees.h inftrees.lo inftrees.o libz.a libz.so libz.so.1 libz.so.1.3.1.1-motley make_vms.com minigzip.o minigzip64.o treebuild.xml trees.c trees.h trees.lo trees.o uncompr.c uncompr.lo uncompr.o zconf.h zconf.h.in zlib.3 zlib.3.pdf zlib.h zlib.map zlib.pc zlib.pc.cmakein zlib.pc.in zlibConfig.cmake.in zutil.c zutil.h zutil.lo zutil.o
  adding: BUILD.bazel (deflated 54%)
  adding: CMakeLists.txt (deflated 74%)
  adding: MODULE.bazel (deflated 47%)
  adding: Makefile.in (deflated 77%)
  adding: README-cmake.md (deflated 60%)
  adding: adler32.c (deflated 69%)
  adding: adler32.lo (deflated 71%)
  adding: adler32.o (deflated 71%)
  adding: compress.c (deflated 62%)
  adding: compress.lo (deflated 70%)
  adding: compress.o (deflated 70%)
  adding: configure.log (deflated 86%)
  adding: crc32.c (deflated 75%)
  adding: crc32.h (deflated 61%)
  adding: crc32.lo (deflated 57%)
  adding: crc32.o (deflated 57%)
  adding: deflate.c (deflated 76%)
  adding: deflate.h (deflated 66%)
  adding: deflate.lo (deflated 73%)
  adding: deflate.o (deflated 73%)
  adding: example.o (deflated 78%)
  adding: example64.o (deflated 78%)
  adding: gzclose.c (deflated 40%)
  adding: gzclose.lo (deflated 71%)
  adding: gzclose.o (deflated 71%)
  adding: gzguts.h (deflated 62%)
  adding: gzlib.c (deflated 73%)
  adding: gzlib.lo (deflated 75%)
  adding: gzlib.o (deflated 75%)
  adding: gzread.c (deflated 74%)
  adding: gzread.lo (deflated 73%)
  adding: gzread.o (deflated 73%)
  adding: gzwrite.c (deflated 79%)
  adding: gzwrite.lo (deflated 73%)
  adding: gzwrite.o (deflated 73%)
  adding: infback.c (deflated 76%)
  adding: infback.lo (deflated 70%)
  adding: infback.o (deflated 70%)
  adding: inffast.c (deflated 75%)
  adding: inffast.h (deflated 32%)
  adding: inffast.lo (deflated 65%)
  adding: inffast.o (deflated 65%)
  adding: inffixed.h (deflated 75%)
  adding: inflate.c (deflated 77%)
  adding: inflate.h (deflated 67%)
  adding: inflate.lo (deflated 73%)
  adding: inflate.o (deflated 73%)
  adding: inftrees.c (deflated 67%)
  adding: inftrees.h (deflated 58%)
  adding: inftrees.lo (deflated 68%)
  adding: inftrees.o (deflated 68%)
  adding: libz.a (deflated 72%)
  adding: libz.so (deflated 63%)
  adding: libz.so.1 (deflated 63%)
  adding: libz.so.1.3.1.1-motley (deflated 63%)
  adding: make_vms.com (deflated 72%)
  adding: minigzip.o (deflated 74%)
  adding: minigzip64.o (deflated 74%)
  adding: treebuild.xml (deflated 80%)
  adding: trees.c (deflated 73%)
  adding: trees.h (deflated 83%)
  adding: trees.lo (deflated 72%)
  adding: trees.o (deflated 72%)
  adding: uncompr.c (deflated 62%)
  adding: uncompr.lo (deflated 69%)
  adding: uncompr.o (deflated 69%)
  adding: zconf.h (deflated 73%)
  adding: zconf.h.in (deflated 73%)
  adding: zlib.3 (deflated 54%)
  adding: zlib.3.pdf (deflated 16%)
  adding: zlib.h (deflated 73%)
  adding: zlib.map (deflated 67%)
  adding: zlib.pc (deflated 37%)
  adding: zlib.pc.cmakein (deflated 47%)
  adding: zlib.pc.in (deflated 38%)
  adding: zlibConfig.cmake.in (deflated 68%)
  adding: zutil.c (deflated 65%)
  adding: zutil.h (deflated 63%)
  adding: zutil.lo (deflated 79%)
  adding: zutil.o (deflated 79%)
